{"numTotalTestSuites":142,"numPassedTestSuites":113,"numFailedTestSuites":29,"numPendingTestSuites":0,"numTotalTests":186,"numPassedTests":184,"numFailedTests":1,"numPendingTests":1,"numTodoTests":0,"snapshot":{"added":0,"failure":false,"filesAdded":0,"filesRemoved":0,"filesRemovedList":[],"filesUnmatched":0,"filesUpdated":0,"matched":1,"total":1,"unchecked":0,"uncheckedKeysByFile":[],"unmatched":0,"updated":0,"didUpdate":false},"startTime":1749934367029,"success":false,"testResults":[{"assertionResults":[],"startTime":1749934367029,"endTime":1749934367029,"status":"failed","message":"Cannot find package 'src/format-command.js' imported from '/mnt/c/_SuperfluidACE/SuperfluidACE-CodexNative/codex-cli/src/utils/parsers.ts'","name":"/mnt/c/_SuperfluidACE/SuperfluidACE-CodexNative/codex-cli/tests/agent-cancel-early.test.ts"},{"assertionResults":[],"startTime":1749934367029,"endTime":1749934367029,"status":"failed","message":"Cannot find package 'src/format-command.js' imported from '/mnt/c/_SuperfluidACE/SuperfluidACE-CodexNative/codex-cli/src/utils/parsers.ts'","name":"/mnt/c/_SuperfluidACE/SuperfluidACE-CodexNative/codex-cli/tests/agent-cancel-prev-response.test.ts"},{"assertionResults":[],"startTime":1749934367029,"endTime":1749934367029,"status":"failed","message":"Cannot find package 'src/format-command.js' imported from '/mnt/c/_SuperfluidACE/SuperfluidACE-CodexNative/codex-cli/src/utils/parsers.ts'","name":"/mnt/c/_SuperfluidACE/SuperfluidACE-CodexNative/codex-cli/tests/agent-cancel-race.test.ts"},{"assertionResults":[],"startTime":1749934367029,"endTime":1749934367029,"status":"failed","message":"Cannot find package 'src/format-command.js' imported from '/mnt/c/_SuperfluidACE/SuperfluidACE-CodexNative/codex-cli/src/utils/parsers.ts'","name":"/mnt/c/_SuperfluidACE/SuperfluidACE-CodexNative/codex-cli/tests/agent-cancel.test.ts"},{"assertionResults":[],"startTime":1749934367029,"endTime":1749934367029,"status":"failed","message":"Cannot find package 'src/format-command.js' imported from '/mnt/c/_SuperfluidACE/SuperfluidACE-CodexNative/codex-cli/src/utils/parsers.ts'","name":"/mnt/c/_SuperfluidACE/SuperfluidACE-CodexNative/codex-cli/tests/agent-dedupe-items.test.ts"},{"assertionResults":[],"startTime":1749934367029,"endTime":1749934367029,"status":"failed","message":"Cannot find package 'src/format-command.js' imported from '/mnt/c/_SuperfluidACE/SuperfluidACE-CodexNative/codex-cli/src/utils/parsers.ts'","name":"/mnt/c/_SuperfluidACE/SuperfluidACE-CodexNative/codex-cli/tests/agent-function-call-id.test.ts"},{"assertionResults":[],"startTime":1749934367029,"endTime":1749934367029,"status":"failed","message":"Cannot find package 'src/format-command.js' imported from '/mnt/c/_SuperfluidACE/SuperfluidACE-CodexNative/codex-cli/src/utils/parsers.ts'","name":"/mnt/c/_SuperfluidACE/SuperfluidACE-CodexNative/codex-cli/tests/agent-generic-network-error.test.ts"},{"assertionResults":[],"startTime":1749934367029,"endTime":1749934367029,"status":"failed","message":"Cannot find package 'src/format-command.js' imported from '/mnt/c/_SuperfluidACE/SuperfluidACE-CodexNative/codex-cli/src/utils/parsers.ts'","name":"/mnt/c/_SuperfluidACE/SuperfluidACE-CodexNative/codex-cli/tests/agent-interrupt-continue.test.ts"},{"assertionResults":[],"startTime":1749934367029,"endTime":1749934367029,"status":"failed","message":"Cannot find package 'src/format-command.js' imported from '/mnt/c/_SuperfluidACE/SuperfluidACE-CodexNative/codex-cli/src/utils/parsers.ts'","name":"/mnt/c/_SuperfluidACE/SuperfluidACE-CodexNative/codex-cli/tests/agent-invalid-request-error.test.ts"},{"assertionResults":[],"startTime":1749934367029,"endTime":1749934367029,"status":"failed","message":"Cannot find package 'src/format-command.js' imported from '/mnt/c/_SuperfluidACE/SuperfluidACE-CodexNative/codex-cli/src/utils/parsers.ts'","name":"/mnt/c/_SuperfluidACE/SuperfluidACE-CodexNative/codex-cli/tests/agent-max-tokens-error.test.ts"},{"assertionResults":[],"startTime":1749934367029,"endTime":1749934367029,"status":"failed","message":"Cannot find package 'src/format-command.js' imported from '/mnt/c/_SuperfluidACE/SuperfluidACE-CodexNative/codex-cli/src/utils/parsers.ts'","name":"/mnt/c/_SuperfluidACE/SuperfluidACE-CodexNative/codex-cli/tests/agent-network-errors.test.ts"},{"assertionResults":[],"startTime":1749934367029,"endTime":1749934367029,"status":"failed","message":"Cannot find package 'src/format-command.js' imported from '/mnt/c/_SuperfluidACE/SuperfluidACE-CodexNative/codex-cli/src/utils/parsers.ts'","name":"/mnt/c/_SuperfluidACE/SuperfluidACE-CodexNative/codex-cli/tests/agent-project-doc.test.ts"},{"assertionResults":[],"startTime":1749934367029,"endTime":1749934367029,"status":"failed","message":"Cannot find package 'src/format-command.js' imported from '/mnt/c/_SuperfluidACE/SuperfluidACE-CodexNative/codex-cli/src/utils/parsers.ts'","name":"/mnt/c/_SuperfluidACE/SuperfluidACE-CodexNative/codex-cli/tests/agent-rate-limit-error.test.ts"},{"assertionResults":[],"startTime":1749934367029,"endTime":1749934367029,"status":"failed","message":"Cannot find package 'src/format-command.js' imported from '/mnt/c/_SuperfluidACE/SuperfluidACE-CodexNative/codex-cli/src/utils/parsers.ts'","name":"/mnt/c/_SuperfluidACE/SuperfluidACE-CodexNative/codex-cli/tests/agent-server-retry.test.ts"},{"assertionResults":[],"startTime":1749934367029,"endTime":1749934367029,"status":"failed","message":"Cannot find package 'src/format-command.js' imported from '/mnt/c/_SuperfluidACE/SuperfluidACE-CodexNative/codex-cli/src/utils/parsers.ts'","name":"/mnt/c/_SuperfluidACE/SuperfluidACE-CodexNative/codex-cli/tests/agent-terminate.test.ts"},{"assertionResults":[],"startTime":1749934367029,"endTime":1749934367029,"status":"failed","message":"Cannot find package 'src/format-command.js' imported from '/mnt/c/_SuperfluidACE/SuperfluidACE-CodexNative/codex-cli/src/utils/parsers.ts'","name":"/mnt/c/_SuperfluidACE/SuperfluidACE-CodexNative/codex-cli/tests/agent-thinking-time.test.ts"},{"assertionResults":[{"ancestorTitles":["config.setApiKey"],"fullName":"config.setApiKey overrides the exported OPENAI_API_KEY at runtime","status":"passed","title":"overrides the exported OPENAI_API_KEY at runtime","duration":2128.138532,"failureMessages":[],"meta":{}}],"startTime":1749934368556,"endTime":1749934370684.1384,"status":"passed","message":"","name":"/mnt/c/_SuperfluidACE/SuperfluidACE-CodexNative/codex-cli/tests/api-key.test.ts"},{"assertionResults":[],"startTime":1749934367029,"endTime":1749934367029,"status":"failed","message":"Cannot find package 'src/parse-apply-patch' imported from '/mnt/c/_SuperfluidACE/SuperfluidACE-CodexNative/codex-cli/src/utils/agent/apply-patch.ts'","name":"/mnt/c/_SuperfluidACE/SuperfluidACE-CodexNative/codex-cli/tests/apply-patch.test.ts"},{"assertionResults":[],"startTime":1749934367029,"endTime":1749934367029,"status":"failed","message":"Cannot find package 'src/parse-apply-patch' imported from '/mnt/c/_SuperfluidACE/SuperfluidACE-CodexNative/codex-cli/src/utils/agent/apply-patch.ts'","name":"/mnt/c/_SuperfluidACE/SuperfluidACE-CodexNative/codex-cli/tests/approvals.test.ts"},{"assertionResults":[{"ancestorTitles":["exec cancellation"],"fullName":"exec cancellation kills the child process when the abort signal is triggered","status":"passed","title":"kills the child process when the abort signal is triggered","duration":7.788706999999704,"failureMessages":[],"meta":{}},{"ancestorTitles":["exec cancellation"],"fullName":"exec cancellation allows the process to finish when not aborted","status":"passed","title":"allows the process to finish when not aborted","duration":22.481009000000086,"failureMessages":[],"meta":{}}],"startTime":1749934372565,"endTime":1749934372594.481,"status":"passed","message":"","name":"/mnt/c/_SuperfluidACE/SuperfluidACE-CodexNative/codex-cli/tests/cancel-exec.test.ts"},{"assertionResults":[{"ancestorTitles":["renderUpdateCommand()"],"fullName":"renderUpdateCommand() { manager: 'npm', packageName: 'my-pkg' } → command","status":"passed","title":"{ manager: 'npm', packageName: 'my-pkg' } → command","duration":0.7134200000000419,"failureMessages":[],"meta":{}},{"ancestorTitles":["renderUpdateCommand()"],"fullName":"renderUpdateCommand() { manager: 'pnpm', packageName: 'my-pkg' } → command","status":"passed","title":"{ manager: 'pnpm', packageName: 'my-pkg' } → command","duration":0.2058870000000752,"failureMessages":[],"meta":{}},{"ancestorTitles":["renderUpdateCommand()"],"fullName":"renderUpdateCommand() { manager: 'bun', packageName: 'my-pkg' } → command","status":"passed","title":"{ manager: 'bun', packageName: 'my-pkg' } → command","duration":0.08321000000069034,"failureMessages":[],"meta":{}},{"ancestorTitles":["renderUpdateCommand()"],"fullName":"renderUpdateCommand() { manager: 'yarn', packageName: 'my-pkg' } → command","status":"passed","title":"{ manager: 'yarn', packageName: 'my-pkg' } → command","duration":0.055486000000200875,"failureMessages":[],"meta":{}},{"ancestorTitles":["renderUpdateCommand()"],"fullName":"renderUpdateCommand() { manager: 'deno', packageName: 'my-pkg' } → command","status":"passed","title":"{ manager: 'deno', packageName: 'my-pkg' } → command","duration":0.09383200000047509,"failureMessages":[],"meta":{}},{"ancestorTitles":["checkForUpdates()"],"fullName":"checkForUpdates() uses global installer when detected, ignoring local agent","status":"passed","title":"uses global installer when detected, ignoring local agent","duration":31.100580000000264,"failureMessages":[],"meta":{}},{"ancestorTitles":["checkForUpdates()"],"fullName":"checkForUpdates() skips when lastUpdateCheck is still fresh (<frequency)","status":"passed","title":"skips when lastUpdateCheck is still fresh (<frequency)","duration":52.20447999999942,"failureMessages":[],"meta":{}},{"ancestorTitles":["checkForUpdates()"],"fullName":"checkForUpdates() does not print when up-to-date","status":"passed","title":"does not print when up-to-date","duration":31.213152999999693,"failureMessages":[],"meta":{}},{"ancestorTitles":["checkForUpdates()"],"fullName":"checkForUpdates() does not print when no manager detected at all","status":"passed","title":"does not print when no manager detected at all","duration":15.61858200000006,"failureMessages":[],"meta":{}},{"ancestorTitles":["checkForUpdates()"],"fullName":"checkForUpdates() renders a box when a newer version exists and no global installer","status":"passed","title":"renders a box when a newer version exists and no global installer","duration":21.026699000000008,"failureMessages":[],"meta":{}}],"startTime":1749934377350,"endTime":1749934377503.0266,"status":"passed","message":"","name":"/mnt/c/_SuperfluidACE/SuperfluidACE-CodexNative/codex-cli/tests/check-updates.test.ts"},{"assertionResults":[{"ancestorTitles":["/clear command"],"fullName":"/clear command invokes clearTerminal and resets context in TerminalChatInput","status":"passed","title":"invokes clearTerminal and resets context in TerminalChatInput","duration":28.129916000000776,"failureMessages":[],"meta":{}},{"ancestorTitles":["clearTerminal"],"fullName":"clearTerminal writes escape sequence to stdout","status":"passed","title":"writes escape sequence to stdout","duration":0.48509699999976874,"failureMessages":[],"meta":{}}],"startTime":1749934378195,"endTime":1749934378224.485,"status":"passed","message":"","name":"/mnt/c/_SuperfluidACE/SuperfluidACE-CodexNative/codex-cli/tests/clear-command.test.tsx"},{"assertionResults":[{"ancestorTitles":[],"fullName":"loads default config if files don't exist","status":"passed","title":"loads default config if files don't exist","duration":1.0766019999998662,"failureMessages":[],"meta":{}},{"ancestorTitles":[],"fullName":"saves and loads config correctly","status":"passed","title":"saves and loads config correctly","duration":0.37883499999998094,"failureMessages":[],"meta":{}},{"ancestorTitles":[],"fullName":"loads user instructions + project doc when codex.md is present","status":"passed","title":"loads user instructions + project doc when codex.md is present","duration":0.5052110000001448,"failureMessages":[],"meta":{}},{"ancestorTitles":[],"fullName":"loads and saves approvalMode correctly","status":"passed","title":"loads and saves approvalMode correctly","duration":0.2908230000000458,"failureMessages":[],"meta":{}},{"ancestorTitles":[],"fullName":"loads and saves providers correctly","status":"passed","title":"loads and saves providers correctly","duration":0.7145669999999882,"failureMessages":[],"meta":{}},{"ancestorTitles":[],"fullName":"saves and loads instructions with project doc separator correctly","status":"passed","title":"saves and loads instructions with project doc separator correctly","duration":0.14931700000011006,"failureMessages":[],"meta":{}},{"ancestorTitles":[],"fullName":"handles empty user instructions when saving with project doc separator","status":"passed","title":"handles empty user instructions when saving with project doc separator","duration":0.16676900000015848,"failureMessages":[],"meta":{}},{"ancestorTitles":[],"fullName":"loads default shell config when not specified","status":"passed","title":"loads default shell config when not specified","duration":0.16115999999988162,"failureMessages":[],"meta":{}},{"ancestorTitles":[],"fullName":"loads and saves custom shell config","status":"passed","title":"loads and saves custom shell config","duration":0.3724729999998999,"failureMessages":[],"meta":{}}],"startTime":1749934376890,"endTime":1749934376894.3726,"status":"passed","message":"","name":"/mnt/c/_SuperfluidACE/SuperfluidACE-CodexNative/codex-cli/tests/config.test.tsx"},{"assertionResults":[{"ancestorTitles":["Reasoning Effort Configuration"],"fullName":"Reasoning Effort Configuration should have \"high\" as the default reasoning effort","status":"passed","title":"should have \"high\" as the default reasoning effort","duration":0.9728640000000723,"failureMessages":[],"meta":{}},{"ancestorTitles":["Reasoning Effort Configuration"],"fullName":"Reasoning Effort Configuration should use default reasoning effort when not specified in config","status":"passed","title":"should use default reasoning effort when not specified in config","duration":0.8334340000001248,"failureMessages":[],"meta":{}},{"ancestorTitles":["Reasoning Effort Configuration"],"fullName":"Reasoning Effort Configuration should load reasoningEffort from config file","status":"passed","title":"should load reasoningEffort from config file","duration":0.28964799999994284,"failureMessages":[],"meta":{}},{"ancestorTitles":["Reasoning Effort Configuration"],"fullName":"Reasoning Effort Configuration should support all valid reasoning effort values","status":"passed","title":"should support all valid reasoning effort values","duration":0.3854630000000725,"failureMessages":[],"meta":{}},{"ancestorTitles":["Reasoning Effort Configuration"],"fullName":"Reasoning Effort Configuration should preserve reasoningEffort when saving configuration","status":"passed","title":"should preserve reasoningEffort when saving configuration","duration":1.2795869999999923,"failureMessages":[],"meta":{}}],"startTime":1749934376587,"endTime":1749934376591.2795,"status":"passed","message":"","name":"/mnt/c/_SuperfluidACE/SuperfluidACE-CodexNative/codex-cli/tests/config_reasoning.test.ts"},{"assertionResults":[{"ancestorTitles":["createTruncatingCollector"],"fullName":"createTruncatingCollector collects data under limits without truncation","status":"passed","title":"collects data under limits without truncation","duration":1.620497000000114,"failureMessages":[],"meta":{}},{"ancestorTitles":["createTruncatingCollector"],"fullName":"createTruncatingCollector truncates data over byte limit","status":"passed","title":"truncates data over byte limit","duration":0.25451399999997193,"failureMessages":[],"meta":{}},{"ancestorTitles":["createTruncatingCollector"],"fullName":"createTruncatingCollector truncates data over line limit","status":"passed","title":"truncates data over line limit","duration":0.23697100000003957,"failureMessages":[],"meta":{}},{"ancestorTitles":["createTruncatingCollector"],"fullName":"createTruncatingCollector stops collecting after limit is hit across multiple writes","status":"passed","title":"stops collecting after limit is hit across multiple writes","duration":0.19821200000001227,"failureMessages":[],"meta":{}},{"ancestorTitles":["createTruncatingCollector"],"fullName":"createTruncatingCollector handles zero limits","status":"passed","title":"handles zero limits","duration":0.2617119999999886,"failureMessages":[],"meta":{}}],"startTime":1749934377159,"endTime":1749934377161.2617,"status":"passed","message":"","name":"/mnt/c/_SuperfluidACE/SuperfluidACE-CodexNative/codex-cli/tests/create-truncating-collector.test.ts"},{"assertionResults":[],"startTime":1749934367029,"endTime":1749934367029,"status":"failed","message":"Cannot find package 'src/format-command.js' imported from '/mnt/c/_SuperfluidACE/SuperfluidACE-CodexNative/codex-cli/src/utils/parsers.ts'","name":"/mnt/c/_SuperfluidACE/SuperfluidACE-CodexNative/codex-cli/tests/disableResponseStorage.agentLoop.test.ts"},{"assertionResults":[{"ancestorTitles":["disableResponseStorage persistence"],"fullName":"disableResponseStorage persistence keeps disableResponseStorage=true across load/save cycle","status":"passed","title":"keeps disableResponseStorage=true across load/save cycle","duration":81.87759000000005,"failureMessages":[],"meta":{}}],"startTime":1749934371298,"endTime":1749934371379.8777,"status":"passed","message":"","name":"/mnt/c/_SuperfluidACE/SuperfluidACE-CodexNative/codex-cli/tests/disableResponseStorage.test.ts"},{"assertionResults":[{"ancestorTitles":[],"fullName":"dummy","status":"passed","title":"dummy","duration":0.6874390000000403,"failureMessages":[],"meta":{}}],"startTime":1749934376515,"endTime":1749934376515.6875,"status":"passed","message":"","name":"/mnt/c/_SuperfluidACE/SuperfluidACE-CodexNative/codex-cli/tests/dummy.test.ts"},{"assertionResults":[],"startTime":1749934367029,"endTime":1749934367029,"status":"failed","message":"Cannot find package 'src/parse-apply-patch' imported from '/mnt/c/_SuperfluidACE/SuperfluidACE-CodexNative/codex-cli/src/utils/agent/apply-patch.ts'","name":"/mnt/c/_SuperfluidACE/SuperfluidACE-CodexNative/codex-cli/tests/exec-apply-patch.test.ts"},{"assertionResults":[{"ancestorTitles":["getFileSystemSuggestions"],"fullName":"getFileSystemSuggestions returns empty array for empty prefix","status":"passed","title":"returns empty array for empty prefix","duration":1.3221110000001772,"failureMessages":[],"meta":{}},{"ancestorTitles":["getFileSystemSuggestions"],"fullName":"getFileSystemSuggestions expands ~ to home directory","status":"passed","title":"expands ~ to home directory","duration":1.1400009999999838,"failureMessages":[],"meta":{}},{"ancestorTitles":["getFileSystemSuggestions"],"fullName":"getFileSystemSuggestions filters by prefix if not a directory","status":"passed","title":"filters by prefix if not a directory","duration":0.4197509999999056,"failureMessages":[],"meta":{}},{"ancestorTitles":["getFileSystemSuggestions"],"fullName":"getFileSystemSuggestions handles errors gracefully","status":"passed","title":"handles errors gracefully","duration":0.2561759999998685,"failureMessages":[],"meta":{}},{"ancestorTitles":["getFileSystemSuggestions"],"fullName":"getFileSystemSuggestions normalizes relative path","status":"passed","title":"normalizes relative path","duration":0.7034869999999955,"failureMessages":[],"meta":{}}],"startTime":1749934376924,"endTime":1749934376927.7034,"status":"passed","message":"","name":"/mnt/c/_SuperfluidACE/SuperfluidACE-CodexNative/codex-cli/tests/file-system-suggestions.test.ts"},{"assertionResults":[{"ancestorTitles":["expandFileTags"],"fullName":"expandFileTags replaces @file token with XML wrapped contents","status":"passed","title":"replaces @file token with XML wrapped contents","duration":0.9691460000003644,"failureMessages":[],"meta":{}},{"ancestorTitles":["expandFileTags"],"fullName":"expandFileTags leaves token unchanged when file does not exist","status":"passed","title":"leaves token unchanged when file does not exist","duration":0.4098909999997886,"failureMessages":[],"meta":{}},{"ancestorTitles":["expandFileTags"],"fullName":"expandFileTags handles multiple @file tokens in one string","status":"passed","title":"handles multiple @file tokens in one string","duration":0.30966099999977814,"failureMessages":[],"meta":{}},{"ancestorTitles":["expandFileTags"],"fullName":"expandFileTags does not replace @dir if it's a directory","status":"passed","title":"does not replace @dir if it's a directory","duration":0.34109399999988455,"failureMessages":[],"meta":{}},{"ancestorTitles":["expandFileTags"],"fullName":"expandFileTags handles @file with special characters in name","status":"passed","title":"handles @file with special characters in name","duration":0.216801999999916,"failureMessages":[],"meta":{}},{"ancestorTitles":["expandFileTags"],"fullName":"expandFileTags handles repeated @file tokens","status":"passed","title":"handles repeated @file tokens","duration":0.30885299999999916,"failureMessages":[],"meta":{}},{"ancestorTitles":["expandFileTags"],"fullName":"expandFileTags handles empty file","status":"passed","title":"handles empty file","duration":0.1548160000002099,"failureMessages":[],"meta":{}},{"ancestorTitles":["expandFileTags"],"fullName":"expandFileTags handles string with no @file tokens","status":"passed","title":"handles string with no @file tokens","duration":0.11023700000032477,"failureMessages":[],"meta":{}},{"ancestorTitles":["collapseXmlBlocks"],"fullName":"collapseXmlBlocks collapses XML block to @path format for valid file","status":"passed","title":"collapses XML block to @path format for valid file","duration":0.30355599999984406,"failureMessages":[],"meta":{}},{"ancestorTitles":["collapseXmlBlocks"],"fullName":"collapseXmlBlocks does not collapse XML block for unrelated xml block","status":"passed","title":"does not collapse XML block for unrelated xml block","duration":0.1220789999997578,"failureMessages":[],"meta":{}},{"ancestorTitles":["collapseXmlBlocks"],"fullName":"collapseXmlBlocks does not collapse XML block for a directory","status":"passed","title":"does not collapse XML block for a directory","duration":0.3215680000002976,"failureMessages":[],"meta":{}},{"ancestorTitles":["collapseXmlBlocks"],"fullName":"collapseXmlBlocks collapses multiple valid file XML blocks in one string","status":"passed","title":"collapses multiple valid file XML blocks in one string","duration":0.17513199999984863,"failureMessages":[],"meta":{}},{"ancestorTitles":["collapseXmlBlocks"],"fullName":"collapseXmlBlocks only collapses valid file paths in mixed content","status":"passed","title":"only collapses valid file paths in mixed content","duration":0.13294000000041706,"failureMessages":[],"meta":{}},{"ancestorTitles":["collapseXmlBlocks"],"fullName":"collapseXmlBlocks handles paths with subdirectories for valid files","status":"passed","title":"handles paths with subdirectories for valid files","duration":0.3471989999998186,"failureMessages":[],"meta":{}},{"ancestorTitles":["collapseXmlBlocks"],"fullName":"collapseXmlBlocks handles XML blocks with special characters in path for valid files","status":"passed","title":"handles XML blocks with special characters in path for valid files","duration":0.11926099999982398,"failureMessages":[],"meta":{}},{"ancestorTitles":["collapseXmlBlocks"],"fullName":"collapseXmlBlocks handles XML blocks with empty content for valid files","status":"passed","title":"handles XML blocks with empty content for valid files","duration":0.10708799999974872,"failureMessages":[],"meta":{}},{"ancestorTitles":["collapseXmlBlocks"],"fullName":"collapseXmlBlocks handles string with no XML blocks","status":"passed","title":"handles string with no XML blocks","duration":0.0534469999997782,"failureMessages":[],"meta":{}},{"ancestorTitles":["collapseXmlBlocks"],"fullName":"collapseXmlBlocks handles adjacent XML blocks for valid files","status":"passed","title":"handles adjacent XML blocks for valid files","duration":0.12784499999997934,"failureMessages":[],"meta":{}},{"ancestorTitles":["collapseXmlBlocks"],"fullName":"collapseXmlBlocks ignores malformed XML blocks","status":"passed","title":"ignores malformed XML blocks","duration":0.05521900000030655,"failureMessages":[],"meta":{}},{"ancestorTitles":["collapseXmlBlocks"],"fullName":"collapseXmlBlocks handles mixed content with valid file XML blocks and regular text","status":"passed","title":"handles mixed content with valid file XML blocks and regular text","duration":0.1010839999999007,"failureMessages":[],"meta":{}}],"startTime":1749934376447,"endTime":1749934376452.128,"status":"passed","message":"","name":"/mnt/c/_SuperfluidACE/SuperfluidACE-CodexNative/codex-cli/tests/file-tag-utils.test.ts"},{"assertionResults":[{"ancestorTitles":["fixed requiresShell function"],"fullName":"fixed requiresShell function should detect pipe in a single argument","status":"passed","title":"should detect pipe in a single argument","duration":0.9891869999999017,"failureMessages":[],"meta":{}},{"ancestorTitles":["fixed requiresShell function"],"fullName":"fixed requiresShell function should not detect pipe in separate arguments","status":"passed","title":"should not detect pipe in separate arguments","duration":0.14218499999992673,"failureMessages":[],"meta":{}},{"ancestorTitles":["fixed requiresShell function"],"fullName":"fixed requiresShell function should handle other shell operators in a single argument","status":"passed","title":"should handle other shell operators in a single argument","duration":0.09874299999978575,"failureMessages":[],"meta":{}},{"ancestorTitles":["fixed requiresShell function"],"fullName":"fixed requiresShell function should not enable shell for normal commands","status":"passed","title":"should not enable shell for normal commands","duration":0.09121600000003127,"failureMessages":[],"meta":{}}],"startTime":1749934376765,"endTime":1749934376767.0986,"status":"passed","message":"","name":"/mnt/c/_SuperfluidACE/SuperfluidACE-CodexNative/codex-cli/tests/fixed-requires-shell.test.ts"},{"assertionResults":[{"ancestorTitles":["formatCommandForDisplay()"],"fullName":"formatCommandForDisplay() ensure empty string arg appears in output","status":"passed","title":"ensure empty string arg appears in output","duration":0.9441850000000613,"failureMessages":[],"meta":{}},{"ancestorTitles":["formatCommandForDisplay()"],"fullName":"formatCommandForDisplay() ensure special characters are properly escaped","status":"passed","title":"ensure special characters are properly escaped","duration":0.19037200000002485,"failureMessages":[],"meta":{}},{"ancestorTitles":["formatCommandForDisplay()"],"fullName":"formatCommandForDisplay() ensure quotes are properly escaped","status":"passed","title":"ensure quotes are properly escaped","duration":0.12485300000003008,"failureMessages":[],"meta":{}}],"startTime":1749934376899,"endTime":1749934376900.1904,"status":"passed","message":"","name":"/mnt/c/_SuperfluidACE/SuperfluidACE-CodexNative/codex-cli/tests/format-command.test.ts"},{"assertionResults":[],"startTime":1749934367029,"endTime":1749934367029,"status":"failed","message":"Cannot find package 'src/parse-apply-patch' imported from '/mnt/c/_SuperfluidACE/SuperfluidACE-CodexNative/codex-cli/src/utils/agent/apply-patch.ts'","name":"/mnt/c/_SuperfluidACE/SuperfluidACE-CodexNative/codex-cli/tests/full-boat-whitelist.test.ts"},{"assertionResults":[{"ancestorTitles":["getGitDiff"],"fullName":"getGitDiff handles untracked files with special characters","status":"passed","title":"handles untracked files with special characters","duration":31.228815000000168,"failureMessages":[],"meta":{}}],"startTime":1749934368997,"endTime":1749934369028.2288,"status":"passed","message":"","name":"/mnt/c/_SuperfluidACE/SuperfluidACE-CodexNative/codex-cli/tests/get-diff-special-chars.test.ts"},{"assertionResults":[{"ancestorTitles":["HistoryOverlay","command mode"],"fullName":"HistoryOverlay command mode displays user messages","status":"passed","title":"displays user messages","duration":13.434209999999439,"failureMessages":[],"meta":{}},{"ancestorTitles":["HistoryOverlay","command mode"],"fullName":"HistoryOverlay command mode displays shell commands","status":"passed","title":"displays shell commands","duration":1.9239339999994627,"failureMessages":[],"meta":{}},{"ancestorTitles":["HistoryOverlay","command mode"],"fullName":"HistoryOverlay command mode displays file operations","status":"passed","title":"displays file operations","duration":1.3455479999993258,"failureMessages":[],"meta":{}},{"ancestorTitles":["HistoryOverlay","command mode"],"fullName":"HistoryOverlay command mode displays patch operations","status":"passed","title":"displays patch operations","duration":5.390425999999934,"failureMessages":[],"meta":{}},{"ancestorTitles":["HistoryOverlay","command mode"],"fullName":"HistoryOverlay command mode displays mixed content in chronological order","status":"passed","title":"displays mixed content in chronological order","duration":1.408809999999903,"failureMessages":[],"meta":{}},{"ancestorTitles":["HistoryOverlay","command mode"],"fullName":"HistoryOverlay command mode truncates long user messages","status":"passed","title":"truncates long user messages","duration":2.7926669999997102,"failureMessages":[],"meta":{}},{"ancestorTitles":["HistoryOverlay","file mode"],"fullName":"HistoryOverlay file mode displays files from shell commands","status":"passed","title":"displays files from shell commands","duration":2.3140510000002905,"failureMessages":[],"meta":{}},{"ancestorTitles":["HistoryOverlay","file mode"],"fullName":"HistoryOverlay file mode displays files from read operations","status":"passed","title":"displays files from read operations","duration":2.1051539999998568,"failureMessages":[],"meta":{}},{"ancestorTitles":["HistoryOverlay","file mode"],"fullName":"HistoryOverlay file mode displays files from patches","status":"passed","title":"displays files from patches","duration":4.644278000000668,"failureMessages":[],"meta":{}},{"ancestorTitles":["HistoryOverlay","keyboard interaction"],"fullName":"HistoryOverlay keyboard interaction handles mode switching with 'c' and 'f' keys","status":"passed","title":"handles mode switching with 'c' and 'f' keys","duration":2.832408000000214,"failureMessages":[],"meta":{}},{"ancestorTitles":["HistoryOverlay","keyboard interaction"],"fullName":"HistoryOverlay keyboard interaction handles escape key","status":"passed","title":"handles escape key","duration":0.8022389999996449,"failureMessages":[],"meta":{}},{"ancestorTitles":["HistoryOverlay","keyboard interaction"],"fullName":"HistoryOverlay keyboard interaction handles arrow keys for navigation","status":"passed","title":"handles arrow keys for navigation","duration":2.518221999999696,"failureMessages":[],"meta":{}},{"ancestorTitles":["HistoryOverlay","keyboard interaction"],"fullName":"HistoryOverlay keyboard interaction handles page up/down navigation","status":"passed","title":"handles page up/down navigation","duration":5.110518000000411,"failureMessages":[],"meta":{}},{"ancestorTitles":["HistoryOverlay","keyboard interaction"],"fullName":"HistoryOverlay keyboard interaction handles vim-style navigation","status":"passed","title":"handles vim-style navigation","duration":1.6646089999994729,"failureMessages":[],"meta":{}},{"ancestorTitles":["HistoryOverlay","error handling"],"fullName":"HistoryOverlay error handling handles empty or invalid items","status":"passed","title":"handles empty or invalid items","duration":58.93173200000001,"failureMessages":[],"meta":{}}],"startTime":1749934376452,"endTime":1749934376558.9316,"status":"passed","message":"","name":"/mnt/c/_SuperfluidACE/SuperfluidACE-CodexNative/codex-cli/tests/history-overlay.test.tsx"},{"assertionResults":[{"ancestorTitles":["createInputItem"],"fullName":"createInputItem returns only text when no images provided","status":"passed","title":"returns only text when no images provided","duration":0.9520889999998872,"failureMessages":[],"meta":{}},{"ancestorTitles":["createInputItem"],"fullName":"createInputItem includes image content for existing file","status":"passed","title":"includes image content for existing file","duration":1.7855319999998756,"failureMessages":[],"meta":{}},{"ancestorTitles":["createInputItem"],"fullName":"createInputItem falls back to missing image text for non-existent file","status":"passed","title":"falls back to missing image text for non-existent file","duration":0.5448599999999715,"failureMessages":[],"meta":{}}],"startTime":1749934377484,"endTime":1749934377487.545,"status":"passed","message":"","name":"/mnt/c/_SuperfluidACE/SuperfluidACE-CodexNative/codex-cli/tests/input-utils.test.ts"},{"assertionResults":[],"startTime":1749934367029,"endTime":1749934367029,"status":"failed","message":"Cannot find package 'src/parse-apply-patch' imported from '/mnt/c/_SuperfluidACE/SuperfluidACE-CodexNative/codex-cli/src/utils/agent/apply-patch.ts'","name":"/mnt/c/_SuperfluidACE/SuperfluidACE-CodexNative/codex-cli/tests/invalid-command-handling.test.ts"},{"assertionResults":[],"startTime":1749934367029,"endTime":1749934367029,"status":"failed","message":"Cannot find package 'src/format-command.js' imported from '/mnt/c/_SuperfluidACE/SuperfluidACE-CodexNative/codex-cli/src/utils/parsers.ts'","name":"/mnt/c/_SuperfluidACE/SuperfluidACE-CodexNative/codex-cli/tests/markdown.test.tsx"},{"assertionResults":[{"ancestorTitles":["Model Info"],"fullName":"Model Info supportedModelInfo contains expected models","status":"passed","title":"supportedModelInfo contains expected models","duration":0.7177430000000413,"failureMessages":[],"meta":{}},{"ancestorTitles":["Model Info"],"fullName":"Model Info model info entries have required properties","status":"passed","title":"model info entries have required properties","duration":2.3778539999999566,"failureMessages":[],"meta":{}}],"startTime":1749934376520,"endTime":1749934376523.378,"status":"passed","message":"","name":"/mnt/c/_SuperfluidACE/SuperfluidACE-CodexNative/codex-cli/tests/model-info.test.ts"},{"assertionResults":[{"ancestorTitles":["model-utils – offline resilience"],"fullName":"model-utils – offline resilience returns true when API key absent (no network available)","status":"failed","title":"returns true when API key absent (no network available)","duration":4327.772488,"failureMessages":["Error: STACK_TRACE_ERROR\n    at task (file:///home/thary/.npm/_npx/69c381f8ad94b576/node_modules/@vitest/runner/dist/chunk-hooks.js:638:27)\n    at Object.<anonymous> (file:///home/thary/.npm/_npx/69c381f8ad94b576/node_modules/@vitest/runner/dist/chunk-hooks.js:662:16)\n    at Object.<anonymous> (file:///home/thary/.npm/_npx/69c381f8ad94b576/node_modules/@vitest/runner/dist/chunk-hooks.js:458:28)\n    at chain (file:///home/thary/.npm/_npx/69c381f8ad94b576/node_modules/@vitest/runner/dist/chunk-hooks.js:369:14)\n    at /mnt/c/_SuperfluidACE/SuperfluidACE-CodexNative/codex-cli/tests/model-utils-network-error.test.ts:38:3\n    at file:///home/thary/.npm/_npx/69c381f8ad94b576/node_modules/@vitest/runner/dist/chunk-hooks.js:734:40\n    at runWithSuite (file:///home/thary/.npm/_npx/69c381f8ad94b576/node_modules/@vitest/runner/dist/chunk-hooks.js:1846:8)\n    at Object.collect (file:///home/thary/.npm/_npx/69c381f8ad94b576/node_modules/@vitest/runner/dist/chunk-hooks.js:734:10)\n    at Object.collect (file:///home/thary/.npm/_npx/69c381f8ad94b576/node_modules/@vitest/runner/dist/chunk-hooks.js:738:54)\n    at collectTests (file:///home/thary/.npm/_npx/69c381f8ad94b576/node_modules/@vitest/runner/dist/chunk-hooks.js:1176:25)\n    at startTests (file:///home/thary/.npm/_npx/69c381f8ad94b576/node_modules/@vitest/runner/dist/chunk-hooks.js:1814:17)\n    at file:///home/thary/.npm/_npx/69c381f8ad94b576/node_modules/vitest/dist/chunks/runBaseTests.Dd85QTll.js:117:26\n    at withEnv (file:///home/thary/.npm/_npx/69c381f8ad94b576/node_modules/vitest/dist/chunks/runBaseTests.Dd85QTll.js:84:3)\n    at run (file:///home/thary/.npm/_npx/69c381f8ad94b576/node_modules/vitest/dist/chunks/runBaseTests.Dd85QTll.js:109:2)\n    at runBaseTests (file:///home/thary/.npm/_npx/69c381f8ad94b576/node_modules/vitest/dist/chunks/base.Cg0miDlQ.js:32:2)"],"meta":{}},{"ancestorTitles":["model-utils – offline resilience"],"fullName":"model-utils – offline resilience falls back gracefully when openai.models.list throws a network error","status":"passed","title":"falls back gracefully when openai.models.list throws a network error","duration":795.9300519999997,"failureMessages":[],"meta":{}}],"startTime":1749934368578,"endTime":1749934376635.93,"status":"failed","message":"","name":"/mnt/c/_SuperfluidACE/SuperfluidACE-CodexNative/codex-cli/tests/model-utils-network-error.test.ts"},{"assertionResults":[{"ancestorTitles":["Model Utils","openAiModelInfo"],"fullName":"Model Utils openAiModelInfo model info entries have required properties","status":"passed","title":"model info entries have required properties","duration":3.1475960000002488,"failureMessages":[],"meta":{}},{"ancestorTitles":["Model Utils","maxTokensForModel"],"fullName":"Model Utils maxTokensForModel returns correct token limit for known models","status":"passed","title":"returns correct token limit for known models","duration":0.10295799999994415,"failureMessages":[],"meta":{}},{"ancestorTitles":["Model Utils","maxTokensForModel"],"fullName":"Model Utils maxTokensForModel handles models with size indicators in their names","status":"passed","title":"handles models with size indicators in their names","duration":0.10142399999995177,"failureMessages":[],"meta":{}},{"ancestorTitles":["Model Utils","maxTokensForModel"],"fullName":"Model Utils maxTokensForModel defaults to 128k for unknown models not in the registry","status":"passed","title":"defaults to 128k for unknown models not in the registry","duration":0.0522449999998571,"failureMessages":[],"meta":{}},{"ancestorTitles":["Model Utils","calculateContextPercentRemaining"],"fullName":"Model Utils calculateContextPercentRemaining returns 100% for empty items","status":"passed","title":"returns 100% for empty items","duration":0.15635899999961111,"failureMessages":[],"meta":{}},{"ancestorTitles":["Model Utils","calculateContextPercentRemaining"],"fullName":"Model Utils calculateContextPercentRemaining calculates percentage correctly for non-empty items","status":"passed","title":"calculates percentage correctly for non-empty items","duration":0.1557890000003681,"failureMessages":[],"meta":{}},{"ancestorTitles":["Model Utils","calculateContextPercentRemaining"],"fullName":"Model Utils calculateContextPercentRemaining handles models that are not in the registry","status":"passed","title":"handles models that are not in the registry","duration":0.06516199999987293,"failureMessages":[],"meta":{}}],"startTime":1749934378206,"endTime":1749934378210.1562,"status":"passed","message":"","name":"/mnt/c/_SuperfluidACE/SuperfluidACE-CodexNative/codex-cli/tests/model-utils.test.ts"},{"assertionResults":[{"ancestorTitles":["MultilineTextEditor – Ctrl+Enter submits"],"fullName":"MultilineTextEditor – Ctrl+Enter submits calls onSubmit when CSI 13;5u is received","status":"passed","title":"calls onSubmit when CSI 13;5u is received","duration":17.672421999999642,"failureMessages":[],"meta":{}}],"startTime":1749934377813,"endTime":1749934377830.6724,"status":"passed","message":"","name":"/mnt/c/_SuperfluidACE/SuperfluidACE-CodexNative/codex-cli/tests/multiline-ctrl-enter-submit.test.tsx"},{"assertionResults":[{"ancestorTitles":["MultilineTextEditor – dynamic width"],"fullName":"MultilineTextEditor – dynamic width keeps the caret visible when the terminal width shrinks","status":"passed","title":"keeps the caret visible when the terminal width shrinks","duration":18.201006000000234,"failureMessages":[],"meta":{}}],"startTime":1749934376726,"endTime":1749934376744.201,"status":"passed","message":"","name":"/mnt/c/_SuperfluidACE/SuperfluidACE-CodexNative/codex-cli/tests/multiline-dynamic-width.test.tsx"},{"assertionResults":[{"ancestorTitles":["MultilineTextEditor – Enter submits (CR)"],"fullName":"MultilineTextEditor – Enter submits (CR) calls onSubmit when \r is received","status":"passed","title":"calls onSubmit when \r is received","duration":17.609293999999863,"failureMessages":[],"meta":{}}],"startTime":1749934376726,"endTime":1749934376743.6094,"status":"passed","message":"","name":"/mnt/c/_SuperfluidACE/SuperfluidACE-CodexNative/codex-cli/tests/multiline-enter-submit-cr.test.tsx"},{"assertionResults":[{"ancestorTitles":["TerminalChatInput – history navigation with multiline drafts"],"fullName":"TerminalChatInput – history navigation with multiline drafts should not recall history until caret is on the first line","status":"passed","title":"should not recall history until caret is on the first line","duration":58.71140000000014,"failureMessages":[],"meta":{}},{"ancestorTitles":["TerminalChatInput – history navigation with multiline drafts"],"fullName":"TerminalChatInput – history navigation with multiline drafts should restore the draft when navigating forward (↓) past the newest history entry","status":"skipped","title":"should restore the draft when navigating forward (↓) past the newest history entry","failureMessages":[],"meta":{}}],"startTime":1749934377936,"endTime":1749934377994.7114,"status":"passed","message":"","name":"/mnt/c/_SuperfluidACE/SuperfluidACE-CodexNative/codex-cli/tests/multiline-history-behavior.test.tsx"},{"assertionResults":[{"ancestorTitles":["MultilineTextEditor – inserting new lines"],"fullName":"MultilineTextEditor – inserting new lines splits the line and renders the new row when <Enter> is pressed","status":"passed","title":"splits the line and renders the new row when <Enter> is pressed","duration":20.18220299999939,"failureMessages":[],"meta":{}}],"startTime":1749934377810,"endTime":1749934377830.1821,"status":"passed","message":"","name":"/mnt/c/_SuperfluidACE/SuperfluidACE-CodexNative/codex-cli/tests/multiline-newline.test.tsx"},{"assertionResults":[{"ancestorTitles":["MultilineTextEditor - Shift+Enter (\r variant)"],"fullName":"MultilineTextEditor - Shift+Enter (\r variant) inserts a newline and does NOT submit when the terminal sends \r for Shift+Enter","status":"passed","title":"inserts a newline and does NOT submit when the terminal sends \r for Shift+Enter","duration":22.826396000000386,"failureMessages":[],"meta":{}}],"startTime":1749934376726,"endTime":1749934376748.8264,"status":"passed","message":"","name":"/mnt/c/_SuperfluidACE/SuperfluidACE-CodexNative/codex-cli/tests/multiline-shift-enter-crlf.test.tsx"},{"assertionResults":[{"ancestorTitles":["MultilineTextEditor – Shift+Enter with modifyOtherKeys=1"],"fullName":"MultilineTextEditor – Shift+Enter with modifyOtherKeys=1 inserts newline, does NOT submit","status":"passed","title":"inserts newline, does NOT submit","duration":20.089958999999908,"failureMessages":[],"meta":{}}],"startTime":1749934376726,"endTime":1749934376746.0898,"status":"passed","message":"","name":"/mnt/c/_SuperfluidACE/SuperfluidACE-CodexNative/codex-cli/tests/multiline-shift-enter-mod1.test.tsx"},{"assertionResults":[{"ancestorTitles":["MultilineTextEditor – Shift+Enter"],"fullName":"MultilineTextEditor – Shift+Enter inserts a newline instead of submitting","status":"passed","title":"inserts a newline instead of submitting","duration":19.31148800000028,"failureMessages":[],"meta":{}}],"startTime":1749934376727,"endTime":1749934376746.3115,"status":"passed","message":"","name":"/mnt/c/_SuperfluidACE/SuperfluidACE-CodexNative/codex-cli/tests/multiline-shift-enter.test.tsx"},{"assertionResults":[],"startTime":1749934367029,"endTime":1749934367029,"status":"failed","message":"Cannot find package 'src/format-command.js' imported from '/mnt/c/_SuperfluidACE/SuperfluidACE-CodexNative/codex-cli/src/utils/parsers.ts'","name":"/mnt/c/_SuperfluidACE/SuperfluidACE-CodexNative/codex-cli/tests/new-feature-wizard.test.ts"},{"assertionResults":[{"ancestorTitles":["detectInstallerByPath()"],"fullName":"detectInstallerByPath() detects npm when invoked from its global-bin","status":"passed","title":"detects npm when invoked from its global-bin","duration":0.902514999999994,"failureMessages":[],"meta":{}},{"ancestorTitles":["detectInstallerByPath()"],"fullName":"detectInstallerByPath() detects pnpm when invoked from its global-bin","status":"passed","title":"detects pnpm when invoked from its global-bin","duration":0.20345300000008137,"failureMessages":[],"meta":{}},{"ancestorTitles":["detectInstallerByPath()"],"fullName":"detectInstallerByPath() detects bun when invoked from its global-bin","status":"passed","title":"detects bun when invoked from its global-bin","duration":0.15529400000002624,"failureMessages":[],"meta":{}},{"ancestorTitles":["detectInstallerByPath()"],"fullName":"detectInstallerByPath() returns undefined if argv[1] is missing","status":"passed","title":"returns undefined if argv[1] is missing","duration":0.2760240000000067,"failureMessages":[],"meta":{}},{"ancestorTitles":["detectInstallerByPath()"],"fullName":"detectInstallerByPath() returns undefined if shim isn't in any manager's bin","status":"passed","title":"returns undefined if shim isn't in any manager's bin","duration":0.11819600000001174,"failureMessages":[],"meta":{}}],"startTime":1749934376591,"endTime":1749934376592.2761,"status":"passed","message":"","name":"/mnt/c/_SuperfluidACE/SuperfluidACE-CodexNative/codex-cli/tests/package-manager-detector.test.ts"},{"assertionResults":[{"ancestorTitles":["parseApplyPatch"],"fullName":"parseApplyPatch parses create, update and delete operations in a single patch","status":"passed","title":"parses create, update and delete operations in a single patch","duration":0.9976509999999053,"failureMessages":[],"meta":{}},{"ancestorTitles":["parseApplyPatch"],"fullName":"parseApplyPatch returns null for an invalid patch (missing prefix)","status":"passed","title":"returns null for an invalid patch (missing prefix)","duration":0.15332000000012158,"failureMessages":[],"meta":{}}],"startTime":1749934376731,"endTime":1749934376732.1533,"status":"passed","message":"","name":"/mnt/c/_SuperfluidACE/SuperfluidACE-CodexNative/codex-cli/tests/parse-apply-patch.test.ts"},{"assertionResults":[{"ancestorTitles":["shell-quote parse with pipes"],"fullName":"shell-quote parse with pipes should correctly parse a command with a pipe","status":"passed","title":"should correctly parse a command with a pipe","duration":1.4092309999998633,"failureMessages":[],"meta":{}}],"startTime":1749934376766,"endTime":1749934376767.4092,"status":"passed","message":"","name":"/mnt/c/_SuperfluidACE/SuperfluidACE-CodexNative/codex-cli/tests/pipe-command.test.ts"},{"assertionResults":[{"ancestorTitles":["project doc integration"],"fullName":"project doc integration happy path: project doc gets merged into instructions","status":"passed","title":"happy path: project doc gets merged into instructions","duration":2.2915969999999106,"failureMessages":[],"meta":{}},{"ancestorTitles":["project doc integration"],"fullName":"project doc integration opt-out via flag prevents inclusion","status":"passed","title":"opt-out via flag prevents inclusion","duration":0.8410169999999653,"failureMessages":[],"meta":{}},{"ancestorTitles":["project doc integration"],"fullName":"project doc integration file larger than limit gets truncated and warns","status":"passed","title":"file larger than limit gets truncated and warns","duration":2.206760999999915,"failureMessages":[],"meta":{}}],"startTime":1749934376945,"endTime":1749934376950.2068,"status":"passed","message":"","name":"/mnt/c/_SuperfluidACE/SuperfluidACE-CodexNative/codex-cli/tests/project-doc.test.ts"},{"assertionResults":[{"ancestorTitles":["rawExec – abort kills entire process group"],"fullName":"rawExec – abort kills entire process group terminates grandchildren spawned via bash","status":"passed","title":"terminates grandchildren spawned via bash","duration":108.25066599999991,"failureMessages":[],"meta":{}}],"startTime":1749934372500,"endTime":1749934372608.2507,"status":"passed","message":"","name":"/mnt/c/_SuperfluidACE/SuperfluidACE-CodexNative/codex-cli/tests/raw-exec-process-group.test.ts"},{"assertionResults":[{"ancestorTitles":["requiresShell function"],"fullName":"requiresShell function should detect pipe in a single argument","status":"passed","title":"should detect pipe in a single argument","duration":1.7981999999999516,"failureMessages":[],"meta":{}},{"ancestorTitles":["requiresShell function"],"fullName":"requiresShell function should not detect pipe in separate arguments","status":"passed","title":"should not detect pipe in separate arguments","duration":0.6302459999999428,"failureMessages":[],"meta":{}},{"ancestorTitles":["requiresShell function"],"fullName":"requiresShell function should handle other shell operators","status":"passed","title":"should handle other shell operators","duration":0.234023999999863,"failureMessages":[],"meta":{}}],"startTime":1749934376765,"endTime":1749934376768.2341,"status":"passed","message":"","name":"/mnt/c/_SuperfluidACE/SuperfluidACE-CodexNative/codex-cli/tests/requires-shell.test.ts"},{"assertionResults":[{"ancestorTitles":["responsesCreateViaChatCompletions","non-streaming mode"],"fullName":"responsesCreateViaChatCompletions non-streaming mode should convert basic user message to chat completions format","status":"passed","title":"should convert basic user message to chat completions format","duration":398.66293799999994,"failureMessages":[],"meta":{}},{"ancestorTitles":["responsesCreateViaChatCompletions","non-streaming mode"],"fullName":"responsesCreateViaChatCompletions non-streaming mode should handle function calling correctly","status":"passed","title":"should handle function calling correctly","duration":56.22970800000007,"failureMessages":[],"meta":{}},{"ancestorTitles":["responsesCreateViaChatCompletions","non-streaming mode"],"fullName":"responsesCreateViaChatCompletions non-streaming mode should preserve conversation history","status":"passed","title":"should preserve conversation history","duration":29.698040999999876,"failureMessages":[],"meta":{}},{"ancestorTitles":["responsesCreateViaChatCompletions","non-streaming mode"],"fullName":"responsesCreateViaChatCompletions non-streaming mode handles tools correctly","status":"passed","title":"handles tools correctly","duration":50.545118,"failureMessages":[],"meta":{}},{"ancestorTitles":["responsesCreateViaChatCompletions","streaming mode"],"fullName":"responsesCreateViaChatCompletions streaming mode should handle streaming responses correctly","status":"passed","title":"should handle streaming responses correctly","duration":14.732181000000082,"failureMessages":[],"meta":{}},{"ancestorTitles":["responsesCreateViaChatCompletions","streaming mode"],"fullName":"responsesCreateViaChatCompletions streaming mode handles streaming with tool calls","status":"passed","title":"handles streaming with tool calls","duration":111.60187399999995,"failureMessages":[],"meta":{}}],"startTime":1749934368606,"endTime":1749934369267.6018,"status":"passed","message":"","name":"/mnt/c/_SuperfluidACE/SuperfluidACE-CodexNative/codex-cli/tests/responses-chat-completions.test.ts"},{"assertionResults":[{"ancestorTitles":[],"fullName":"SLASH_COMMANDS includes expected commands","status":"passed","title":"SLASH_COMMANDS includes expected commands","duration":1.4260309999999663,"failureMessages":[],"meta":{}},{"ancestorTitles":[],"fullName":"filters slash commands by prefix","status":"passed","title":"filters slash commands by prefix","duration":0.713090000000193,"failureMessages":[],"meta":{}}],"startTime":1749934376765,"endTime":1749934376767.7131,"status":"passed","message":"","name":"/mnt/c/_SuperfluidACE/SuperfluidACE-CodexNative/codex-cli/tests/slash-commands.test.ts"},{"assertionResults":[{"ancestorTitles":["TerminalChatCompletions"],"fullName":"TerminalChatCompletions renders visible completions within displayLimit","status":"passed","title":"renders visible completions within displayLimit","duration":10.767705000000205,"failureMessages":[],"meta":{}},{"ancestorTitles":["TerminalChatCompletions"],"fullName":"TerminalChatCompletions centers the selected completion in the visible list","status":"passed","title":"centers the selected completion in the visible list","duration":1.1716550000001007,"failureMessages":[],"meta":{}},{"ancestorTitles":["TerminalChatCompletions"],"fullName":"TerminalChatCompletions adjusts when selectedCompletion is near the end","status":"passed","title":"adjusts when selectedCompletion is near the end","duration":1.3549389999998311,"failureMessages":[],"meta":{}}],"startTime":1749934377651,"endTime":1749934377664.355,"status":"passed","message":"","name":"/mnt/c/_SuperfluidACE/SuperfluidACE-CodexNative/codex-cli/tests/terminal-chat-completions.test.tsx"},{"assertionResults":[{"ancestorTitles":["TerminalChatInput compact command"],"fullName":"TerminalChatInput compact command shows /compact hint when context is low","status":"passed","title":"shows /compact hint when context is low","duration":14.72880400000031,"failureMessages":[],"meta":{}}],"startTime":1749934378384,"endTime":1749934378398.7288,"status":"passed","message":"","name":"/mnt/c/_SuperfluidACE/SuperfluidACE-CodexNative/codex-cli/tests/terminal-chat-input-compact.test.tsx"},{"assertionResults":[{"ancestorTitles":["TerminalChatInput file tag suggestions"],"fullName":"TerminalChatInput file tag suggestions shows file system suggestions when typing @ alone","status":"passed","title":"shows file system suggestions when typing @ alone","duration":20.447214999999233,"failureMessages":[],"meta":{}},{"ancestorTitles":["TerminalChatInput file tag suggestions"],"fullName":"TerminalChatInput file tag suggestions completes the selected file system suggestion with Tab","status":"passed","title":"completes the selected file system suggestion with Tab","duration":16.507598000000144,"failureMessages":[],"meta":{}},{"ancestorTitles":["TerminalChatInput file tag suggestions"],"fullName":"TerminalChatInput file tag suggestions clears file system suggestions when typing a space","status":"passed","title":"clears file system suggestions when typing a space","duration":9.118559999999889,"failureMessages":[],"meta":{}},{"ancestorTitles":["TerminalChatInput file tag suggestions"],"fullName":"TerminalChatInput file tag suggestions selects and retains directory when pressing Enter on directory suggestion","status":"passed","title":"selects and retains directory when pressing Enter on directory suggestion","duration":13.861738999999943,"failureMessages":[],"meta":{}},{"ancestorTitles":["TerminalChatInput file tag suggestions"],"fullName":"TerminalChatInput file tag suggestions submits when pressing Enter on file suggestion","status":"passed","title":"submits when pressing Enter on file suggestion","duration":19.176414999999906,"failureMessages":[],"meta":{}}],"startTime":1749934377935,"endTime":1749934378015.1765,"status":"passed","message":"","name":"/mnt/c/_SuperfluidACE/SuperfluidACE-CodexNative/codex-cli/tests/terminal-chat-input-file-tag-suggestions.test.tsx"},{"assertionResults":[{"ancestorTitles":["TerminalChatInput multiline functionality"],"fullName":"TerminalChatInput multiline functionality allows multiline input with shift+enter","status":"passed","title":"allows multiline input with shift+enter","duration":42.51741099999981,"failureMessages":[],"meta":{}},{"ancestorTitles":["TerminalChatInput multiline functionality"],"fullName":"TerminalChatInput multiline functionality allows multiline input with shift+enter (modifyOtherKeys=1 format)","status":"passed","title":"allows multiline input with shift+enter (modifyOtherKeys=1 format)","duration":29.848869000000377,"failureMessages":[],"meta":{}}],"startTime":1749934377936,"endTime":1749934378007.8489,"status":"passed","message":"","name":"/mnt/c/_SuperfluidACE/SuperfluidACE-CodexNative/codex-cli/tests/terminal-chat-input-multiline.test.tsx"},{"assertionResults":[],"startTime":1749934367029,"endTime":1749934367029,"status":"failed","message":"Cannot find package 'src/components/model-overlay.js' imported from '/mnt/c/_SuperfluidACE/SuperfluidACE-CodexNative/codex-cli/tests/terminal-chat-model-selection.test.tsx'","name":"/mnt/c/_SuperfluidACE/SuperfluidACE-CodexNative/codex-cli/tests/terminal-chat-model-selection.test.tsx"},{"assertionResults":[],"startTime":1749934367029,"endTime":1749934367029,"status":"failed","message":"Cannot find package 'src/format-command.js' imported from '/mnt/c/_SuperfluidACE/SuperfluidACE-CodexNative/codex-cli/src/utils/parsers.ts'","name":"/mnt/c/_SuperfluidACE/SuperfluidACE-CodexNative/codex-cli/tests/terminal-chat-response-item.test.tsx"},{"assertionResults":[{"ancestorTitles":["TextBuffer – copy/paste multi‑line"],"fullName":"TextBuffer – copy/paste multi‑line copies a multi‑line selection without the trailing newline","status":"passed","title":"copies a multi‑line selection without the trailing newline","duration":6.24259700000016,"failureMessages":[],"meta":{}},{"ancestorTitles":["TextBuffer – copy/paste multi‑line"],"fullName":"TextBuffer – copy/paste multi‑line pastes the multi‑line clipboard as separate lines (does not merge with following text)","status":"passed","title":"pastes the multi‑line clipboard as separate lines (does not merge with following text)","duration":0.648918999999978,"failureMessages":[],"meta":{}}],"startTime":1749934375905,"endTime":1749934375911.649,"status":"passed","message":"","name":"/mnt/c/_SuperfluidACE/SuperfluidACE-CodexNative/codex-cli/tests/text-buffer-copy-paste.test.ts"},{"assertionResults":[{"ancestorTitles":["TextBuffer – newline normalisation"],"fullName":"TextBuffer – newline normalisation insertStr should split on \r and \r\n sequences","status":"passed","title":"insertStr should split on \r and \r\n sequences","duration":6.636357999999973,"failureMessages":[],"meta":{}}],"startTime":1749934375817,"endTime":1749934375823.6365,"status":"passed","message":"","name":"/mnt/c/_SuperfluidACE/SuperfluidACE-CodexNative/codex-cli/tests/text-buffer-crlf.test.ts"},{"assertionResults":[{"ancestorTitles":["soft‑tab insertion (↹ => 4 spaces)"],"fullName":"soft‑tab insertion (↹ => 4 spaces) inserts 4 spaces at caret position when hard‑tab mode is off","status":"passed","title":"inserts 4 spaces at caret position when hard‑tab mode is off","duration":10.94439999999986,"failureMessages":[],"meta":{}},{"ancestorTitles":["undo / redo – advanced behaviour"],"fullName":"undo / redo – advanced behaviour typing a word character‑by‑character should undo in one step","status":"passed","title":"typing a word character‑by‑character should undo in one step","duration":1.158333999999968,"failureMessages":[],"meta":{}},{"ancestorTitles":["selection – cut/delete"],"fullName":"selection – cut/delete cut() removes the selected range and yanks it into clipboard","status":"passed","title":"cut() removes the selected range and yanks it into clipboard","duration":0.49137599999994563,"failureMessages":[],"meta":{}},{"ancestorTitles":["delete_next_word (Ctrl+Delete)"],"fullName":"delete_next_word (Ctrl+Delete) removes everything until the next word boundary","status":"passed","title":"removes everything until the next word boundary","duration":0.7213520000000244,"failureMessages":[],"meta":{}},{"ancestorTitles":["tab length configuration"],"fullName":"tab length configuration inserts the configured number of spaces when tabLen=2","status":"passed","title":"inserts the configured number of spaces when tabLen=2","duration":0.53024500000015,"failureMessages":[],"meta":{}},{"ancestorTitles":["search / regex navigation"],"fullName":"search / regex navigation search_forward jumps to the next match","status":"passed","title":"search_forward jumps to the next match","duration":0.26868899999999485,"failureMessages":[],"meta":{}},{"ancestorTitles":["wordLeft / wordRight – punctuation boundaries"],"fullName":"wordLeft / wordRight – punctuation boundaries wordLeft stops after punctuation like hyphen (-)","status":"passed","title":"wordLeft stops after punctuation like hyphen (-)","duration":1.500833000000057,"failureMessages":[],"meta":{}},{"ancestorTitles":["wordLeft / wordRight – punctuation boundaries"],"fullName":"wordLeft / wordRight – punctuation boundaries wordRight stops after punctuation like underscore (_) which is not in JS boundary set","status":"passed","title":"wordRight stops after punctuation like underscore (_) which is not in JS boundary set","duration":0.6969779999999446,"failureMessages":[],"meta":{}},{"ancestorTitles":["word deletion shortcuts"],"fullName":"word deletion shortcuts Ctrl+Backspace deletes the previous word","status":"passed","title":"Ctrl+Backspace deletes the previous word","duration":0.7987319999999727,"failureMessages":[],"meta":{}},{"ancestorTitles":["paragraph navigation"],"fullName":"paragraph navigation Jumping forward by paragraph stops after a blank line","status":"passed","title":"Jumping forward by paragraph stops after a blank line","duration":0.6318430000001172,"failureMessages":[],"meta":{}},{"ancestorTitles":["viewport scrolling independent of cursor"],"fullName":"viewport scrolling independent of cursor scrolls without moving the caret","status":"passed","title":"scrolls without moving the caret","duration":0.27873299999987466,"failureMessages":[],"meta":{}}],"startTime":1749934368912,"endTime":1749934368930.6318,"status":"passed","message":"","name":"/mnt/c/_SuperfluidACE/SuperfluidACE-CodexNative/codex-cli/tests/text-buffer-gaps.test.ts"},{"assertionResults":[{"ancestorTitles":["TextBuffer – word‑wise navigation & deletion"],"fullName":"TextBuffer – word‑wise navigation & deletion wordRight moves to end‑of‑line when no further boundary","status":"passed","title":"wordRight moves to end‑of‑line when no further boundary","duration":6.8092320000000655,"failureMessages":[],"meta":{}},{"ancestorTitles":["TextBuffer – word‑wise navigation & deletion"],"fullName":"TextBuffer – word‑wise navigation & deletion Ctrl+Backspace on raw byte deletes previous word","status":"passed","title":"Ctrl+Backspace on raw byte deletes previous word","duration":0.5278760000001057,"failureMessages":[],"meta":{}},{"ancestorTitles":["TextBuffer – word‑wise navigation & deletion"],"fullName":"TextBuffer – word‑wise navigation & deletion Option/Alt+Backspace deletes previous word","status":"passed","title":"Option/Alt+Backspace deletes previous word","duration":0.19455800000014278,"failureMessages":[],"meta":{}},{"ancestorTitles":["TextBuffer – word‑wise navigation & deletion"],"fullName":"TextBuffer – word‑wise navigation & deletion Option/Alt+Delete deletes previous word (matches shells)","status":"passed","title":"Option/Alt+Delete deletes previous word (matches shells)","duration":0.16286700000000565,"failureMessages":[],"meta":{}},{"ancestorTitles":["TextBuffer – word‑wise navigation & deletion"],"fullName":"TextBuffer – word‑wise navigation & deletion wordLeft eventually reaches column 0","status":"passed","title":"wordLeft eventually reaches column 0","duration":0.28752799999983836,"failureMessages":[],"meta":{}},{"ancestorTitles":["TextBuffer – word‑wise navigation & deletion"],"fullName":"TextBuffer – word‑wise navigation & deletion wordRight jumps over a delimiter into the next word","status":"passed","title":"wordRight jumps over a delimiter into the next word","duration":0.187507000000096,"failureMessages":[],"meta":{}},{"ancestorTitles":["TextBuffer – word‑wise navigation & deletion"],"fullName":"TextBuffer – word‑wise navigation & deletion deleteWordLeft after trailing space only deletes the last word, not the whole line","status":"passed","title":"deleteWordLeft after trailing space only deletes the last word, not the whole line","duration":0.22939799999994648,"failureMessages":[],"meta":{}},{"ancestorTitles":["TextBuffer – word‑wise navigation & deletion"],"fullName":"TextBuffer – word‑wise navigation & deletion deleteWordLeft removes the previous word and positions the caret correctly","status":"passed","title":"deleteWordLeft removes the previous word and positions the caret correctly","duration":0.20106699999996636,"failureMessages":[],"meta":{}},{"ancestorTitles":["TextBuffer – word‑wise navigation & deletion"],"fullName":"TextBuffer – word‑wise navigation & deletion deleteWordRight removes the following word","status":"passed","title":"deleteWordRight removes the following word","duration":0.3433159999999589,"failureMessages":[],"meta":{}},{"ancestorTitles":["TextBuffer – word‑wise navigation & deletion"],"fullName":"TextBuffer – word‑wise navigation & deletion Shift+Option/Alt+Delete deletes next word","status":"passed","title":"Shift+Option/Alt+Delete deletes next word","duration":0.20958599999994476,"failureMessages":[],"meta":{}}],"startTime":1749934372417,"endTime":1749934372426.3433,"status":"passed","message":"","name":"/mnt/c/_SuperfluidACE/SuperfluidACE-CodexNative/codex-cli/tests/text-buffer-word.test.ts"},{"assertionResults":[{"ancestorTitles":["TextBuffer – basic editing parity with Rust suite"],"fullName":"TextBuffer – basic editing parity with Rust suite insert_char / printable (single line)","status":"passed","title":"insert_char / printable (single line)","duration":7.314525999999887,"failureMessages":[],"meta":{}},{"ancestorTitles":["TextBuffer – basic editing parity with Rust suite"],"fullName":"TextBuffer – basic editing parity with Rust suite insert_char with a newline should split the line","status":"passed","title":"insert_char with a newline should split the line","duration":0.41894299999989926,"failureMessages":[],"meta":{}},{"ancestorTitles":["TextBuffer – basic editing parity with Rust suite"],"fullName":"TextBuffer – basic editing parity with Rust suite insert_str should insert multi‑line strings","status":"passed","title":"insert_str should insert multi‑line strings","duration":0.16957000000002154,"failureMessages":[],"meta":{}},{"ancestorTitles":["TextBuffer – basic editing parity with Rust suite"],"fullName":"TextBuffer – basic editing parity with Rust suite undo / redo history should revert edits","status":"passed","title":"undo / redo history should revert edits","duration":0.2436360000001514,"failureMessages":[],"meta":{}},{"ancestorTitles":["TextBuffer – basic editing parity with Rust suite"],"fullName":"TextBuffer – basic editing parity with Rust suite copy & paste should operate on current selection","status":"passed","title":"copy & paste should operate on current selection","duration":0.31517799999983254,"failureMessages":[],"meta":{}},{"ancestorTitles":["TextBuffer – basic editing parity with Rust suite","backspace"],"fullName":"TextBuffer – basic editing parity with Rust suite backspace deletes the character to the *left* of the caret within a line","status":"passed","title":"deletes the character to the *left* of the caret within a line","duration":0.22435699999982717,"failureMessages":[],"meta":{}},{"ancestorTitles":["TextBuffer – basic editing parity with Rust suite","backspace"],"fullName":"TextBuffer – basic editing parity with Rust suite backspace merges with the previous line when invoked at column 0","status":"passed","title":"merges with the previous line when invoked at column 0","duration":0.15667099999996026,"failureMessages":[],"meta":{}},{"ancestorTitles":["TextBuffer – basic editing parity with Rust suite","backspace"],"fullName":"TextBuffer – basic editing parity with Rust suite backspace is a no-op at the very beginning of the buffer","status":"passed","title":"is a no-op at the very beginning of the buffer","duration":0.11672700000008263,"failureMessages":[],"meta":{}},{"ancestorTitles":["TextBuffer – basic editing parity with Rust suite","cursor initialization"],"fullName":"TextBuffer – basic editing parity with Rust suite cursor initialization initializes cursor to (0,0) by default","status":"passed","title":"initializes cursor to (0,0) by default","duration":0.20808099999999286,"failureMessages":[],"meta":{}},{"ancestorTitles":["TextBuffer – basic editing parity with Rust suite","cursor initialization"],"fullName":"TextBuffer – basic editing parity with Rust suite cursor initialization sets cursor to valid position within line","status":"passed","title":"sets cursor to valid position within line","duration":0.11645199999998113,"failureMessages":[],"meta":{}},{"ancestorTitles":["TextBuffer – basic editing parity with Rust suite","cursor initialization"],"fullName":"TextBuffer – basic editing parity with Rust suite cursor initialization sets cursor to end of line","status":"passed","title":"sets cursor to end of line","duration":0.08566099999984544,"failureMessages":[],"meta":{}},{"ancestorTitles":["TextBuffer – basic editing parity with Rust suite","cursor initialization"],"fullName":"TextBuffer – basic editing parity with Rust suite cursor initialization sets cursor across multiple lines","status":"passed","title":"sets cursor across multiple lines","duration":0.09617299999990792,"failureMessages":[],"meta":{}},{"ancestorTitles":["TextBuffer – basic editing parity with Rust suite","cursor initialization"],"fullName":"TextBuffer – basic editing parity with Rust suite cursor initialization defaults to position 0 for invalid index","status":"passed","title":"defaults to position 0 for invalid index","duration":0.0764529999999013,"failureMessages":[],"meta":{}},{"ancestorTitles":["TextBuffer – basic editing parity with Rust suite","up / down navigation keeps the preferred column"],"fullName":"TextBuffer – basic editing parity with Rust suite up / down navigation keeps the preferred column restores horizontal position when moving across shorter lines","status":"passed","title":"restores horizontal position when moving across shorter lines","duration":0.11384499999985565,"failureMessages":[],"meta":{}},{"ancestorTitles":["TextBuffer – basic editing parity with Rust suite","left / right navigation"],"fullName":"TextBuffer – basic editing parity with Rust suite left / right navigation should treat multi‑code‑unit emoji as a single character","status":"passed","title":"should treat multi‑code‑unit emoji as a single character","duration":0.13899899999978516,"failureMessages":[],"meta":{}},{"ancestorTitles":["TextBuffer – basic editing parity with Rust suite"],"fullName":"TextBuffer – basic editing parity with Rust suite handleInput should treat  input as backspace","status":"passed","title":"handleInput should treat  input as backspace","duration":0.3851510000001781,"failureMessages":[],"meta":{}},{"ancestorTitles":["TextBuffer – basic editing parity with Rust suite"],"fullName":"TextBuffer – basic editing parity with Rust suite handleInput should treat key.delete as backspace","status":"passed","title":"handleInput should treat key.delete as backspace","duration":0.4366609999999582,"failureMessages":[],"meta":{}},{"ancestorTitles":["TextBuffer – basic editing parity with Rust suite","cursor movement & backspace semantics"],"fullName":"TextBuffer – basic editing parity with Rust suite cursor movement & backspace semantics typing should leave cursor after the last inserted character","status":"passed","title":"typing should leave cursor after the last inserted character","duration":0.27085600000009435,"failureMessages":[],"meta":{}},{"ancestorTitles":["TextBuffer – basic editing parity with Rust suite","cursor movement & backspace semantics"],"fullName":"TextBuffer – basic editing parity with Rust suite cursor movement & backspace semantics arrow‑left moves the caret to *between* characters (highlight next)","status":"passed","title":"arrow‑left moves the caret to *between* characters (highlight next)","duration":0.24706900000001042,"failureMessages":[],"meta":{}}],"startTime":1749934370624,"endTime":1749934370635.2708,"status":"passed","message":"","name":"/mnt/c/_SuperfluidACE/SuperfluidACE-CodexNative/codex-cli/tests/text-buffer.test.ts"},{"assertionResults":[],"startTime":1749934367029,"endTime":1749934367029,"status":"failed","message":"Cannot find package 'src/format-command.js' imported from '/mnt/c/_SuperfluidACE/SuperfluidACE-CodexNative/codex-cli/src/utils/parsers.ts'","name":"/mnt/c/_SuperfluidACE/SuperfluidACE-CodexNative/codex-cli/tests/token-streaming-performance.test.ts"},{"assertionResults":[{"ancestorTitles":["TypeaheadOverlay – scrolling capability"],"fullName":"TypeaheadOverlay – scrolling capability passes the full item list to <SelectInput> so users can scroll beyond the visible limit","status":"passed","title":"passes the full item list to <SelectInput> so users can scroll beyond the visible limit","duration":12.059540000000197,"failureMessages":[],"meta":{}}],"startTime":1749934379095,"endTime":1749934379107.0596,"status":"passed","message":"","name":"/mnt/c/_SuperfluidACE/SuperfluidACE-CodexNative/codex-cli/tests/typeahead-scroll.test.tsx"},{"assertionResults":[{"ancestorTitles":["user‑wide ~/.codex.env support"],"fullName":"user‑wide ~/.codex.env support loads the API key from ~/.codex.env when not set elsewhere","status":"passed","title":"loads the API key from ~/.codex.env when not set elsewhere","duration":2120.369716,"failureMessages":[],"meta":{}}],"startTime":1749934368623,"endTime":1749934370743.3696,"status":"passed","message":"","name":"/mnt/c/_SuperfluidACE/SuperfluidACE-CodexNative/codex-cli/tests/user-config-env.test.ts"}]}
